<?xml version="1.0" encoding="UTF-8"?>
<!-- Generated by org.testng.reporters.JUnitReportReporter -->
<testsuite hostname="poojitha" name="testNGFramework.Test2" tests="1" failures="0" timestamp="3 Jun 2017 22:46:20 GMT" time="0.032" errors="0">
  <testcase name="Openingbrowser" time="0.032" classname="testNGFramework.Test2"/>
</testsuite> <!-- testNGFramework.Test2 -->
