<?xml version="1.0" encoding="UTF-8"?>
<!-- Generated by org.testng.reporters.JUnitReportReporter -->
<testsuite hostname="poojitha" name="testNGFramework.Test1" tests="1" failures="0" timestamp="3 Jun 2017 17:36:06 GMT" time="0.004" errors="0">
  <testcase name="WithDraw" time="0.004" classname="testNGFramework.Test1"/>
</testsuite> <!-- testNGFramework.Test1 -->
