<?xml version="1.0" encoding="UTF-8"?>
<!-- Generated by org.testng.reporters.JUnitReportReporter -->
<testsuite hostname="poojitha" name="dataDriven.GlobalParameter" tests="1" failures="0" timestamp="3 Jun 2017 21:12:36 GMT" time="7.920" errors="0">
  <testcase name="Login" time="7.920" classname="dataDriven.GlobalParameter"/>
</testsuite> <!-- dataDriven.GlobalParameter -->
